  Minesweeper.cpp
C:\Program Files (x86)\Microsoft Visual Studio\2019\Community\VC\Tools\MSVC\14.28.29910\include\excpt.h(17,1): error C2059: syntax error: 'string'
C:\Program Files (x86)\Microsoft Visual Studio\2019\Community\VC\Tools\MSVC\14.28.29910\include\excpt.h(17,1): error C2334: unexpected token(s) preceding '{'; skipping apparent function body
C:\Program Files (x86)\Microsoft Visual Studio\2019\Community\VC\Tools\MSVC\14.28.29910\include\stdarg.h(16,1): error C2059: syntax error: 'string'
C:\Program Files (x86)\Microsoft Visual Studio\2019\Community\VC\Tools\MSVC\14.28.29910\include\stdarg.h(16,1): error C2334: unexpected token(s) preceding '{'; skipping apparent function body
C:\Program Files (x86)\Windows Kits\10\Include\10.0.18362.0\shared\windef.h(17,8): error C2059: syntax error: 'string'
C:\Program Files (x86)\Windows Kits\10\Include\10.0.18362.0\shared\windef.h(17,12): error C2334: unexpected token(s) preceding '{'; skipping apparent function body
C:\Program Files (x86)\Windows Kits\10\Include\10.0.18362.0\um\winnt.h(6429,9): warning C4164: '__int2c': intrinsic function not declared
C:\Program Files (x86)\Windows Kits\10\Include\10.0.18362.0\um\winnt.h(6640,9): warning C4164: '_bittestandcomplement': intrinsic function not declared
C:\Program Files (x86)\Windows Kits\10\Include\10.0.18362.0\um\winnt.h(6641,9): warning C4164: '_bittestandset': intrinsic function not declared
C:\Program Files (x86)\Windows Kits\10\Include\10.0.18362.0\um\winnt.h(6642,9): warning C4164: '_bittestandreset': intrinsic function not declared
C:\Program Files (x86)\Windows Kits\10\Include\10.0.18362.0\um\winnt.h(6644,9): warning C4164: '_interlockedbittestandreset': intrinsic function not declared
C:\Program Files (x86)\Windows Kits\10\Include\10.0.18362.0\um\winnt.h(7295,9): warning C4164: '__incfsbyte': intrinsic function not declared
C:\Program Files (x86)\Windows Kits\10\Include\10.0.18362.0\um\winnt.h(7296,9): warning C4164: '__addfsbyte': intrinsic function not declared
C:\Program Files (x86)\Windows Kits\10\Include\10.0.18362.0\um\winnt.h(7297,9): warning C4164: '__incfsword': intrinsic function not declared
C:\Program Files (x86)\Windows Kits\10\Include\10.0.18362.0\um\winnt.h(7298,9): warning C4164: '__addfsword': intrinsic function not declared
C:\Program Files (x86)\Windows Kits\10\Include\10.0.18362.0\um\winnt.h(7299,9): warning C4164: '__incfsdword': intrinsic function not declared
C:\Program Files (x86)\Windows Kits\10\Include\10.0.18362.0\um\winnt.h(7300,9): warning C4164: '__addfsdword': intrinsic function not declared
C:\Program Files (x86)\Windows Kits\10\Include\10.0.18362.0\um\winnt.h(7323,9): warning C4164: '__cpuidex': intrinsic function not declared
C:\Program Files (x86)\Windows Kits\10\Include\10.0.18362.0\um\winnt.h(7366,9): warning C4164: '__readfsbyte': intrinsic function not declared
C:\Program Files (x86)\Windows Kits\10\Include\10.0.18362.0\um\winnt.h(7367,9): warning C4164: '__readfsword': intrinsic function not declared
C:\Program Files (x86)\Windows Kits\10\Include\10.0.18362.0\um\winnt.h(7368,9): warning C4164: '__readfsdword': intrinsic function not declared
C:\Program Files (x86)\Windows Kits\10\Include\10.0.18362.0\um\winnt.h(7369,9): warning C4164: '__writefsbyte': intrinsic function not declared
C:\Program Files (x86)\Windows Kits\10\Include\10.0.18362.0\um\winnt.h(7370,9): warning C4164: '__writefsword': intrinsic function not declared
C:\Program Files (x86)\Windows Kits\10\Include\10.0.18362.0\um\winnt.h(7371,9): warning C4164: '__writefsdword': intrinsic function not declared
C:\Program Files (x86)\Windows Kits\10\Include\10.0.18362.0\um\winnt.h(7382,9): warning C4164: '_mm_pause': intrinsic function not declared
C:\Program Files (x86)\Windows Kits\10\Include\10.0.18362.0\um\winnt.h(7438,9): warning C4164: '_mm_prefetch': intrinsic function not declared
C:\Program Files (x86)\Windows Kits\10\Include\10.0.18362.0\um\winnt.h(7466,9): warning C4164: '__readpmc': intrinsic function not declared
C:\Program Files (x86)\Windows Kits\10\Include\10.0.18362.0\um\winnt.h(7479,9): warning C4164: '__rdtsc': intrinsic function not declared
C:\Program Files (x86)\Windows Kits\10\Include\10.0.18362.0\um\winnt.h(19916,9): warning C4164: '__fastfail': intrinsic function not declared
C:\Program Files (x86)\Windows Kits\10\Include\10.0.18362.0\um\minwinbase.h(30,8): error C2059: syntax error: 'string'
C:\Program Files (x86)\Windows Kits\10\Include\10.0.18362.0\um\minwinbase.h(30,12): error C2334: unexpected token(s) preceding '{'; skipping apparent function body
C:\Program Files (x86)\Windows Kits\10\Include\10.0.18362.0\um\apiquery2.h(28,8): error C2059: syntax error: 'string'
C:\Program Files (x86)\Windows Kits\10\Include\10.0.18362.0\um\apiquery2.h(28,12): error C2334: unexpected token(s) preceding '{'; skipping apparent function body
C:\Program Files (x86)\Windows Kits\10\Include\10.0.18362.0\um\processenv.h(23,8): error C2059: syntax error: 'string'
C:\Program Files (x86)\Windows Kits\10\Include\10.0.18362.0\um\processenv.h(23,12): error C2334: unexpected token(s) preceding '{'; skipping apparent function body
C:\Program Files (x86)\Windows Kits\10\Include\10.0.18362.0\um\fileapi.h(22,8): error C2059: syntax error: 'string'
C:\Program Files (x86)\Windows Kits\10\Include\10.0.18362.0\um\fileapi.h(22,12): error C2334: unexpected token(s) preceding '{'; skipping apparent function body
C:\Program Files (x86)\Windows Kits\10\Include\10.0.18362.0\um\fileapifromapp.h(23,8): error C2059: syntax error: 'string'
C:\Program Files (x86)\Windows Kits\10\Include\10.0.18362.0\um\fileapifromapp.h(23,12): error C2334: unexpected token(s) preceding '{'; skipping apparent function body
C:\Program Files (x86)\Windows Kits\10\Include\10.0.18362.0\um\debugapi.h(22,8): error C2059: syntax error: 'string'
C:\Program Files (x86)\Windows Kits\10\Include\10.0.18362.0\um\debugapi.h(22,12): error C2334: unexpected token(s) preceding '{'; skipping apparent function body
C:\Program Files (x86)\Windows Kits\10\Include\10.0.18362.0\um\utilapiset.h(21,8): error C2059: syntax error: 'string'
C:\Program Files (x86)\Windows Kits\10\Include\10.0.18362.0\um\utilapiset.h(21,12): error C2334: unexpected token(s) preceding '{'; skipping apparent function body
C:\Program Files (x86)\Windows Kits\10\Include\10.0.18362.0\um\handleapi.h(21,8): error C2059: syntax error: 'string'
C:\Program Files (x86)\Windows Kits\10\Include\10.0.18362.0\um\handleapi.h(21,12): error C2334: unexpected token(s) preceding '{'; skipping apparent function body
C:\Program Files (x86)\Windows Kits\10\Include\10.0.18362.0\um\errhandlingapi.h(21,8): error C2059: syntax error: 'string'
C:\Program Files (x86)\Windows Kits\10\Include\10.0.18362.0\um\errhandlingapi.h(21,12): error C2334: unexpected token(s) preceding '{'; skipping apparent function body
C:\Program Files (x86)\Windows Kits\10\Include\10.0.18362.0\um\fibersapi.h(21,8): error C2059: syntax error: 'string'
C:\Program Files (x86)\Windows Kits\10\Include\10.0.18362.0\um\fibersapi.h(21,12): error C2334: unexpected token(s) preceding '{'; skipping apparent function body
C:\Program Files (x86)\Windows Kits\10\Include\10.0.18362.0\um\namedpipeapi.h(22,8): error C2059: syntax error: 'string'
C:\Program Files (x86)\Windows Kits\10\Include\10.0.18362.0\um\namedpipeapi.h(22,12): error C2334: unexpected token(s) preceding '{'; skipping apparent function body
C:\Program Files (x86)\Windows Kits\10\Include\10.0.18362.0\um\profileapi.h(21,8): error C2059: syntax error: 'string'
C:\Program Files (x86)\Windows Kits\10\Include\10.0.18362.0\um\profileapi.h(21,12): error C2334: unexpected token(s) preceding '{'; skipping apparent function body
C:\Program Files (x86)\Windows Kits\10\Include\10.0.18362.0\um\heapapi.h(28,8): error C2059: syntax error: 'string'
C:\Program Files (x86)\Windows Kits\10\Include\10.0.18362.0\um\heapapi.h(28,12): error C2334: unexpected token(s) preceding '{'; skipping apparent function body
C:\Program Files (x86)\Windows Kits\10\Include\10.0.18362.0\um\ioapiset.h(22,8): error C2059: syntax error: 'string'
C:\Program Files (x86)\Windows Kits\10\Include\10.0.18362.0\um\ioapiset.h(22,12): error C2334: unexpected token(s) preceding '{'; skipping apparent function body
C:\Program Files (x86)\Windows Kits\10\Include\10.0.18362.0\um\synchapi.h(22,8): error C2059: syntax error: 'string'
C:\Program Files (x86)\Windows Kits\10\Include\10.0.18362.0\um\synchapi.h(22,12): error C2334: unexpected token(s) preceding '{'; skipping apparent function body
C:\Program Files (x86)\Windows Kits\10\Include\10.0.18362.0\um\interlockedapi.h(23,8): error C2059: syntax error: 'string'
C:\Program Files (x86)\Windows Kits\10\Include\10.0.18362.0\um\interlockedapi.h(23,12): error C2334: unexpected token(s) preceding '{'; skipping apparent function body
C:\Program Files (x86)\Windows Kits\10\Include\10.0.18362.0\um\processthreadsapi.h(22,8): error C2059: syntax error: 'string'
C:\Program Files (x86)\Windows Kits\10\Include\10.0.18362.0\um\processthreadsapi.h(22,12): error C2334: unexpected token(s) preceding '{'; skipping apparent function body
C:\Program Files (x86)\Windows Kits\10\Include\10.0.18362.0\um\sysinfoapi.h(41,8): error C2059: syntax error: 'string'
C:\Program Files (x86)\Windows Kits\10\Include\10.0.18362.0\um\sysinfoapi.h(41,12): error C2334: unexpected token(s) preceding '{'; skipping apparent function body
C:\Program Files (x86)\Windows Kits\10\Include\10.0.18362.0\um\memoryapi.h(22,8): error C2059: syntax error: 'string'
C:\Program Files (x86)\Windows Kits\10\Include\10.0.18362.0\um\memoryapi.h(22,12): error C2334: unexpected token(s) preceding '{'; skipping apparent function body
C:\Program Files (x86)\Windows Kits\10\Include\10.0.18362.0\um\enclaveapi.h(22,8): error C2059: syntax error: 'string'
C:\Program Files (x86)\Windows Kits\10\Include\10.0.18362.0\um\enclaveapi.h(22,12): error C2334: unexpected token(s) preceding '{'; skipping apparent function body
C:\Program Files (x86)\Windows Kits\10\Include\10.0.18362.0\um\threadpoollegacyapiset.h(22,8): error C2059: syntax error: 'string'
C:\Program Files (x86)\Windows Kits\10\Include\10.0.18362.0\um\threadpoollegacyapiset.h(22,12): error C2334: unexpected token(s) preceding '{'; skipping apparent function body
C:\Program Files (x86)\Windows Kits\10\Include\10.0.18362.0\um\threadpoolapiset.h(22,8): error C2059: syntax error: 'string'
C:\Program Files (x86)\Windows Kits\10\Include\10.0.18362.0\um\threadpoolapiset.h(22,12): error C2334: unexpected token(s) preceding '{'; skipping apparent function body
C:\Program Files (x86)\Windows Kits\10\Include\10.0.18362.0\um\jobapi.h(22,8): error C2059: syntax error: 'string'
C:\Program Files (x86)\Windows Kits\10\Include\10.0.18362.0\um\jobapi.h(22,12): error C2334: unexpected token(s) preceding '{'; skipping apparent function body
C:\Program Files (x86)\Windows Kits\10\Include\10.0.18362.0\um\jobapi2.h(21,8): error C2059: syntax error: 'string'
C:\Program Files (x86)\Windows Kits\10\Include\10.0.18362.0\um\jobapi2.h(21,12): error C2334: unexpected token(s) preceding '{'; skipping apparent function body
C:\Program Files (x86)\Windows Kits\10\Include\10.0.18362.0\um\wow64apiset.h(22,8): error C2059: syntax error: 'string'
C:\Program Files (x86)\Windows Kits\10\Include\10.0.18362.0\um\wow64apiset.h(22,12): error C2334: unexpected token(s) preceding '{'; skipping apparent function body
C:\Program Files (x86)\Windows Kits\10\Include\10.0.18362.0\um\libloaderapi.h(22,8): error C2059: syntax error: 'string'
C:\Program Files (x86)\Windows Kits\10\Include\10.0.18362.0\um\libloaderapi.h(22,12): error C2334: unexpected token(s) preceding '{'; skipping apparent function body
C:\Program Files (x86)\Windows Kits\10\Include\10.0.18362.0\um\securitybaseapi.h(22,8): error C2059: syntax error: 'string'
C:\Program Files (x86)\Windows Kits\10\Include\10.0.18362.0\um\securitybaseapi.h(22,12): error C2334: unexpected token(s) preceding '{'; skipping apparent function body
C:\Program Files (x86)\Windows Kits\10\Include\10.0.18362.0\um\namespaceapi.h(22,8): error C2059: syntax error: 'string'
C:\Program Files (x86)\Windows Kits\10\Include\10.0.18362.0\um\namespaceapi.h(22,12): error C2334: unexpected token(s) preceding '{'; skipping apparent function body
C:\Program Files (x86)\Windows Kits\10\Include\10.0.18362.0\um\systemtopologyapi.h(22,8): error C2059: syntax error: 'string'
C:\Program Files (x86)\Windows Kits\10\Include\10.0.18362.0\um\systemtopologyapi.h(22,12): error C2334: unexpected token(s) preceding '{'; skipping apparent function body
C:\Program Files (x86)\Windows Kits\10\Include\10.0.18362.0\um\processtopologyapi.h(22,8): error C2059: syntax error: 'string'
C:\Program Files (x86)\Windows Kits\10\Include\10.0.18362.0\um\processtopologyapi.h(22,12): error C2334: unexpected token(s) preceding '{'; skipping apparent function body
C:\Program Files (x86)\Windows Kits\10\Include\10.0.18362.0\um\securityappcontainer.h(27,8): error C2059: syntax error: 'string'
C:\Program Files (x86)\Windows Kits\10\Include\10.0.18362.0\um\securityappcontainer.h(27,12): error C2334: unexpected token(s) preceding '{'; skipping apparent function body
C:\Program Files (x86)\Windows Kits\10\Include\10.0.18362.0\um\realtimeapiset.h(21,8): error C2059: syntax error: 'string'
C:\Program Files (x86)\Windows Kits\10\Include\10.0.18362.0\um\realtimeapiset.h(21,12): error C2334: unexpected token(s) preceding '{'; skipping apparent function body
C:\Program Files (x86)\Windows Kits\10\Include\10.0.18362.0\um\winbase.h(73,8): error C2059: syntax error: 'string'
C:\Program Files (x86)\Windows Kits\10\Include\10.0.18362.0\um\winbase.h(73,12): error C2334: unexpected token(s) preceding '{'; skipping apparent function body
C:\Program Files (x86)\Windows Kits\10\Include\10.0.18362.0\um\winbase.h(9309,8): error C2059: syntax error: 'string'
C:\Program Files (x86)\Windows Kits\10\Include\10.0.18362.0\um\winbase.h(9309,14): error C2334: unexpected token(s) preceding '{'; skipping apparent function body
C:\Program Files (x86)\Windows Kits\10\Include\10.0.18362.0\um\wingdi.h(52,8): error C2059: syntax error: 'string'
C:\Program Files (x86)\Windows Kits\10\Include\10.0.18362.0\um\wingdi.h(52,12): error C2334: unexpected token(s) preceding '{'; skipping apparent function body
C:\Program Files (x86)\Windows Kits\10\Include\10.0.18362.0\um\winuser.h(44,8): error C2059: syntax error: 'string'
C:\Program Files (x86)\Windows Kits\10\Include\10.0.18362.0\um\winuser.h(44,12): error C2334: unexpected token(s) preceding '{'; skipping apparent function body
C:\Program Files (x86)\Windows Kits\10\Include\10.0.18362.0\um\winnls.h(24,8): error C2059: syntax error: 'string'
C:\Program Files (x86)\Windows Kits\10\Include\10.0.18362.0\um\winnls.h(24,12): error C2334: unexpected token(s) preceding '{'; skipping apparent function body
C:\Program Files (x86)\Windows Kits\10\Include\10.0.18362.0\um\wincon.h(30,8): error C2059: syntax error: 'string'
C:\Program Files (x86)\Windows Kits\10\Include\10.0.18362.0\um\wincon.h(30,12): error C2334: unexpected token(s) preceding '{'; skipping apparent function body
C:\Program Files (x86)\Windows Kits\10\Include\10.0.18362.0\um\verrsrc.h(133,8): error C2059: syntax error: 'string'
C:\Program Files (x86)\Windows Kits\10\Include\10.0.18362.0\um\verrsrc.h(133,12): error C2334: unexpected token(s) preceding '{'; skipping apparent function body
C:\Program Files (x86)\Windows Kits\10\Include\10.0.18362.0\um\winver.h(23,8): error C2059: syntax error: 'string'
C:\Program Files (x86)\Windows Kits\10\Include\10.0.18362.0\um\winver.h(23,12): error C2334: unexpected token(s) preceding '{'; skipping apparent function body
C:\Program Files (x86)\Windows Kits\10\Include\10.0.18362.0\um\winreg.h(32,8): error C2059: syntax error: 'string'
C:\Program Files (x86)\Windows Kits\10\Include\10.0.18362.0\um\winreg.h(32,12): error C2334: unexpected token(s) preceding '{'; skipping apparent function body
C:\Program Files (x86)\Windows Kits\10\Include\10.0.18362.0\um\winnetwk.h(33,8): error C2059: syntax error: 'string'
C:\Program Files (x86)\Windows Kits\10\Include\10.0.18362.0\um\winnetwk.h(33,12): error C2334: unexpected token(s) preceding '{'; skipping apparent function body
C:\Program Files (x86)\Windows Kits\10\Include\10.0.18362.0\um\dde.h(27,8): error C2059: syntax error: 'string'
C:\Program Files (x86)\Windows Kits\10\Include\10.0.18362.0\um\dde.h(27,12): error C2334: unexpected token(s) preceding '{'; skipping apparent function body
C:\Program Files (x86)\Windows Kits\10\Include\10.0.18362.0\um\ddeml.h(26,8): error C2059: syntax error: 'string'
C:\Program Files (x86)\Windows Kits\10\Include\10.0.18362.0\um\ddeml.h(26,12): error C2334: unexpected token(s) preceding '{'; skipping apparent function body
C:\Program Files (x86)\Windows Kits\10\Include\10.0.18362.0\um\dlgs.h(266,13): error C3646: 'bRed': unknown override specifier
C:\Program Files (x86)\Windows Kits\10\Include\10.0.18362.0\um\dlgs.h(266,17): error C4430: missing type specifier - int assumed. Note: C++ does not support default-int
C:\Program Files (x86)\Windows Kits\10\Include\10.0.18362.0\um\dlgs.h(267,13): error C3646: 'bGreen': unknown override specifier
C:\Program Files (x86)\Windows Kits\10\Include\10.0.18362.0\um\dlgs.h(267,19): error C4430: missing type specifier - int assumed. Note: C++ does not support default-int
C:\Program Files (x86)\Windows Kits\10\Include\10.0.18362.0\um\dlgs.h(268,13): error C3646: 'bBlue': unknown override specifier
C:\Program Files (x86)\Windows Kits\10\Include\10.0.18362.0\um\dlgs.h(268,18): error C4430: missing type specifier - int assumed. Note: C++ does not support default-int
C:\Program Files (x86)\Windows Kits\10\Include\10.0.18362.0\um\dlgs.h(269,13): error C3646: 'bExtra': unknown override specifier
C:\Program Files (x86)\Windows Kits\10\Include\10.0.18362.0\um\dlgs.h(269,19): error C4430: missing type specifier - int assumed. Note: C++ does not support default-int
C:\Program Files (x86)\Windows Kits\10\Include\10.0.18362.0\um\lzexpand.h(26,8): error C2059: syntax error: 'string'
C:\Program Files (x86)\Windows Kits\10\Include\10.0.18362.0\um\lzexpand.h(26,12): error C2334: unexpected token(s) preceding '{'; skipping apparent function body
C:\Program Files (x86)\Windows Kits\10\Include\10.0.18362.0\um\mmsyscom.h(29,8): error C2059: syntax error: 'string'
C:\Program Files (x86)\Windows Kits\10\Include\10.0.18362.0\um\mmsyscom.h(29,8): fatal error C1003: error count exceeds 100; stopping compilation
  Player.cpp
C:\Program Files (x86)\Microsoft Visual Studio\2019\Community\VC\Tools\MSVC\14.28.29910\include\sal.h(2361,8): error C2059: syntax error: 'string'
C:\Program Files (x86)\Microsoft Visual Studio\2019\Community\VC\Tools\MSVC\14.28.29910\include\sal.h(2361,12): error C2334: unexpected token(s) preceding '{'; skipping apparent function body
C:\Program Files (x86)\Microsoft Visual Studio\2019\Community\VC\Tools\MSVC\14.28.29910\include\concurrencysal.h(22,8): error C2059: syntax error: 'string'
C:\Program Files (x86)\Microsoft Visual Studio\2019\Community\VC\Tools\MSVC\14.28.29910\include\concurrencysal.h(22,12): error C2334: unexpected token(s) preceding '{'; skipping apparent function body
C:\Program Files (x86)\Microsoft Visual Studio\2019\Community\VC\Tools\MSVC\14.28.29910\include\vadefs.h(51,8): error C2059: syntax error: 'string'
C:\Program Files (x86)\Microsoft Visual Studio\2019\Community\VC\Tools\MSVC\14.28.29910\include\vadefs.h(51,12): error C2334: unexpected token(s) preceding '{'; skipping apparent function body
C:\Program Files (x86)\Microsoft Visual Studio\2019\Community\VC\Tools\MSVC\14.28.29910\include\vadefs.h(171,12): error C2059: syntax error: 'string'
C:\Program Files (x86)\Microsoft Visual Studio\2019\Community\VC\Tools\MSVC\14.28.29910\include\vadefs.h(172,5): error C2334: unexpected token(s) preceding '{'; skipping apparent function body
C:\Program Files (x86)\Microsoft Visual Studio\2019\Community\VC\Tools\MSVC\14.28.29910\include\vcruntime.h(96,1): error C2059: syntax error: 'string'
C:\Program Files (x86)\Microsoft Visual Studio\2019\Community\VC\Tools\MSVC\14.28.29910\include\vcruntime.h(96,1): error C2334: unexpected token(s) preceding '{'; skipping apparent function body
C:\Program Files (x86)\Microsoft Visual Studio\2019\Community\VC\Tools\MSVC\14.28.29910\include\excpt.h(17,1): error C2059: syntax error: 'string'
C:\Program Files (x86)\Microsoft Visual Studio\2019\Community\VC\Tools\MSVC\14.28.29910\include\excpt.h(17,1): error C2334: unexpected token(s) preceding '{'; skipping apparent function body
C:\Program Files (x86)\Microsoft Visual Studio\2019\Community\VC\Tools\MSVC\14.28.29910\include\stdarg.h(16,1): error C2059: syntax error: 'string'
C:\Program Files (x86)\Microsoft Visual Studio\2019\Community\VC\Tools\MSVC\14.28.29910\include\stdarg.h(16,1): error C2334: unexpected token(s) preceding '{'; skipping apparent function body
C:\Program Files (x86)\Windows Kits\10\Include\10.0.18362.0\shared\windef.h(17,8): error C2059: syntax error: 'string'
C:\Program Files (x86)\Windows Kits\10\Include\10.0.18362.0\shared\windef.h(17,12): error C2334: unexpected token(s) preceding '{'; skipping apparent function body
C:\Program Files (x86)\Windows Kits\10\Include\10.0.18362.0\um\winnt.h(1116,9): warning C4164: '_rotl': intrinsic function not declared
C:\Program Files (x86)\Windows Kits\10\Include\10.0.18362.0\um\winnt.h(1117,9): warning C4164: '_rotl64': intrinsic function not declared
C:\Program Files (x86)\Windows Kits\10\Include\10.0.18362.0\um\winnt.h(1118,9): warning C4164: '_rotr': intrinsic function not declared
C:\Program Files (x86)\Windows Kits\10\Include\10.0.18362.0\um\winnt.h(1119,9): warning C4164: '_rotr64': intrinsic function not declared
C:\Program Files (x86)\Windows Kits\10\Include\10.0.18362.0\um\winnt.h(6429,9): warning C4164: '__int2c': intrinsic function not declared
C:\Program Files (x86)\Windows Kits\10\Include\10.0.18362.0\um\winnt.h(6639,9): warning C4164: '_bittest': intrinsic function not declared
C:\Program Files (x86)\Windows Kits\10\Include\10.0.18362.0\um\winnt.h(6640,9): warning C4164: '_bittestandcomplement': intrinsic function not declared
C:\Program Files (x86)\Windows Kits\10\Include\10.0.18362.0\um\winnt.h(6641,9): warning C4164: '_bittestandset': intrinsic function not declared
C:\Program Files (x86)\Windows Kits\10\Include\10.0.18362.0\um\winnt.h(6642,9): warning C4164: '_bittestandreset': intrinsic function not declared
C:\Program Files (x86)\Windows Kits\10\Include\10.0.18362.0\um\winnt.h(6643,9): warning C4164: '_interlockedbittestandset': intrinsic function not declared
C:\Program Files (x86)\Windows Kits\10\Include\10.0.18362.0\um\winnt.h(6644,9): warning C4164: '_interlockedbittestandreset': intrinsic function not declared
C:\Program Files (x86)\Windows Kits\10\Include\10.0.18362.0\um\winnt.h(6766,9): warning C4164: '_InterlockedIncrement16': intrinsic function not declared
C:\Program Files (x86)\Windows Kits\10\Include\10.0.18362.0\um\winnt.h(6767,9): warning C4164: '_InterlockedDecrement16': intrinsic function not declared
C:\Program Files (x86)\Windows Kits\10\Include\10.0.18362.0\um\winnt.h(6768,9): warning C4164: '_InterlockedCompareExchange16': intrinsic function not declared
C:\Program Files (x86)\Windows Kits\10\Include\10.0.18362.0\um\winnt.h(6769,9): warning C4164: '_InterlockedCompareExchange64': intrinsic function not declared
C:\Program Files (x86)\Windows Kits\10\Include\10.0.18362.0\um\winnt.h(6932,9): warning C4164: '_InterlockedAnd': intrinsic function not declared
C:\Program Files (x86)\Windows Kits\10\Include\10.0.18362.0\um\winnt.h(6933,9): warning C4164: '_InterlockedOr': intrinsic function not declared
C:\Program Files (x86)\Windows Kits\10\Include\10.0.18362.0\um\winnt.h(6934,9): warning C4164: '_InterlockedXor': intrinsic function not declared
C:\Program Files (x86)\Windows Kits\10\Include\10.0.18362.0\um\winnt.h(6935,9): warning C4164: '_InterlockedIncrement': intrinsic function not declared
C:\Program Files (x86)\Windows Kits\10\Include\10.0.18362.0\um\winnt.h(6936,9): warning C4164: '_InterlockedDecrement': intrinsic function not declared
C:\Program Files (x86)\Windows Kits\10\Include\10.0.18362.0\um\winnt.h(6937,9): warning C4164: '_InterlockedExchange': intrinsic function not declared
C:\Program Files (x86)\Windows Kits\10\Include\10.0.18362.0\um\winnt.h(6938,9): warning C4164: '_InterlockedExchangeAdd': intrinsic function not declared
C:\Program Files (x86)\Windows Kits\10\Include\10.0.18362.0\um\winnt.h(6939,9): warning C4164: '_InterlockedCompareExchange': intrinsic function not declared
C:\Program Files (x86)\Windows Kits\10\Include\10.0.18362.0\um\winnt.h(6960,9): warning C4164: '_InterlockedExchange8': intrinsic function not declared
C:\Program Files (x86)\Windows Kits\10\Include\10.0.18362.0\um\winnt.h(6961,9): warning C4164: '_InterlockedExchange16': intrinsic function not declared
C:\Program Files (x86)\Windows Kits\10\Include\10.0.18362.0\um\winnt.h(7037,9): warning C4164: '_InterlockedExchangeAdd8': intrinsic function not declared
C:\Program Files (x86)\Windows Kits\10\Include\10.0.18362.0\um\winnt.h(7038,9): warning C4164: '_InterlockedAnd8': intrinsic function not declared
C:\Program Files (x86)\Windows Kits\10\Include\10.0.18362.0\um\winnt.h(7039,9): warning C4164: '_InterlockedOr8': intrinsic function not declared
C:\Program Files (x86)\Windows Kits\10\Include\10.0.18362.0\um\winnt.h(7040,9): warning C4164: '_InterlockedXor8': intrinsic function not declared
C:\Program Files (x86)\Windows Kits\10\Include\10.0.18362.0\um\winnt.h(7041,9): warning C4164: '_InterlockedAnd16': intrinsic function not declared
C:\Program Files (x86)\Windows Kits\10\Include\10.0.18362.0\um\winnt.h(7042,9): warning C4164: '_InterlockedOr16': intrinsic function not declared
C:\Program Files (x86)\Windows Kits\10\Include\10.0.18362.0\um\winnt.h(7043,9): warning C4164: '_InterlockedXor16': intrinsic function not declared
C:\Program Files (x86)\Windows Kits\10\Include\10.0.18362.0\um\winnt.h(7044,9): warning C4164: '_InterlockedCompareExchange16': intrinsic function not declared
C:\Program Files (x86)\Windows Kits\10\Include\10.0.18362.0\um\winnt.h(7045,9): warning C4164: '_InterlockedIncrement16': intrinsic function not declared
C:\Program Files (x86)\Windows Kits\10\Include\10.0.18362.0\um\winnt.h(7046,9): warning C4164: '_InterlockedDecrement16': intrinsic function not declared
C:\Program Files (x86)\Windows Kits\10\Include\10.0.18362.0\um\winnt.h(7124,9): warning C4164: '_InterlockedXor': intrinsic function not declared
C:\Program Files (x86)\Windows Kits\10\Include\10.0.18362.0\um\winnt.h(7295,9): warning C4164: '__incfsbyte': intrinsic function not declared
C:\Program Files (x86)\Windows Kits\10\Include\10.0.18362.0\um\winnt.h(7296,9): warning C4164: '__addfsbyte': intrinsic function not declared
C:\Program Files (x86)\Windows Kits\10\Include\10.0.18362.0\um\winnt.h(7297,9): warning C4164: '__incfsword': intrinsic function not declared
C:\Program Files (x86)\Windows Kits\10\Include\10.0.18362.0\um\winnt.h(7298,9): warning C4164: '__addfsword': intrinsic function not declared
C:\Program Files (x86)\Windows Kits\10\Include\10.0.18362.0\um\winnt.h(7299,9): warning C4164: '__incfsdword': intrinsic function not declared
C:\Program Files (x86)\Windows Kits\10\Include\10.0.18362.0\um\winnt.h(7300,9): warning C4164: '__addfsdword': intrinsic function not declared
C:\Program Files (x86)\Windows Kits\10\Include\10.0.18362.0\um\winnt.h(7323,9): warning C4164: '__cpuidex': intrinsic function not declared
C:\Program Files (x86)\Windows Kits\10\Include\10.0.18362.0\um\winnt.h(7366,9): warning C4164: '__readfsbyte': intrinsic function not declared
C:\Program Files (x86)\Windows Kits\10\Include\10.0.18362.0\um\winnt.h(7367,9): warning C4164: '__readfsword': intrinsic function not declared
C:\Program Files (x86)\Windows Kits\10\Include\10.0.18362.0\um\winnt.h(7368,9): warning C4164: '__readfsdword': intrinsic function not declared
C:\Program Files (x86)\Windows Kits\10\Include\10.0.18362.0\um\winnt.h(7369,9): warning C4164: '__writefsbyte': intrinsic function not declared
C:\Program Files (x86)\Windows Kits\10\Include\10.0.18362.0\um\winnt.h(7370,9): warning C4164: '__writefsword': intrinsic function not declared
C:\Program Files (x86)\Windows Kits\10\Include\10.0.18362.0\um\winnt.h(7371,9): warning C4164: '__writefsdword': intrinsic function not declared
C:\Program Files (x86)\Windows Kits\10\Include\10.0.18362.0\um\winnt.h(7382,9): warning C4164: '_mm_pause': intrinsic function not declared
C:\Program Files (x86)\Windows Kits\10\Include\10.0.18362.0\um\winnt.h(7438,9): warning C4164: '_mm_prefetch': intrinsic function not declared
C:\Program Files (x86)\Windows Kits\10\Include\10.0.18362.0\um\winnt.h(7466,9): warning C4164: '__readpmc': intrinsic function not declared
C:\Program Files (x86)\Windows Kits\10\Include\10.0.18362.0\um\winnt.h(7479,9): warning C4164: '__rdtsc': intrinsic function not declared
C:\Program Files (x86)\Windows Kits\10\Include\10.0.18362.0\um\winnt.h(19916,9): warning C4164: '__fastfail': intrinsic function not declared
C:\Program Files (x86)\Windows Kits\10\Include\10.0.18362.0\um\minwinbase.h(30,8): error C2059: syntax error: 'string'
C:\Program Files (x86)\Windows Kits\10\Include\10.0.18362.0\um\minwinbase.h(30,12): error C2334: unexpected token(s) preceding '{'; skipping apparent function body
C:\Program Files (x86)\Windows Kits\10\Include\10.0.18362.0\um\apiquery2.h(28,8): error C2059: syntax error: 'string'
C:\Program Files (x86)\Windows Kits\10\Include\10.0.18362.0\um\apiquery2.h(28,12): error C2334: unexpected token(s) preceding '{'; skipping apparent function body
C:\Program Files (x86)\Windows Kits\10\Include\10.0.18362.0\um\processenv.h(23,8): error C2059: syntax error: 'string'
C:\Program Files (x86)\Windows Kits\10\Include\10.0.18362.0\um\processenv.h(23,12): error C2334: unexpected token(s) preceding '{'; skipping apparent function body
C:\Program Files (x86)\Windows Kits\10\Include\10.0.18362.0\um\fileapi.h(22,8): error C2059: syntax error: 'string'
C:\Program Files (x86)\Windows Kits\10\Include\10.0.18362.0\um\fileapi.h(22,12): error C2334: unexpected token(s) preceding '{'; skipping apparent function body
C:\Program Files (x86)\Windows Kits\10\Include\10.0.18362.0\um\fileapifromapp.h(23,8): error C2059: syntax error: 'string'
C:\Program Files (x86)\Windows Kits\10\Include\10.0.18362.0\um\fileapifromapp.h(23,12): error C2334: unexpected token(s) preceding '{'; skipping apparent function body
C:\Program Files (x86)\Windows Kits\10\Include\10.0.18362.0\um\debugapi.h(22,8): error C2059: syntax error: 'string'
C:\Program Files (x86)\Windows Kits\10\Include\10.0.18362.0\um\debugapi.h(22,12): error C2334: unexpected token(s) preceding '{'; skipping apparent function body
C:\Program Files (x86)\Windows Kits\10\Include\10.0.18362.0\um\utilapiset.h(21,8): error C2059: syntax error: 'string'
C:\Program Files (x86)\Windows Kits\10\Include\10.0.18362.0\um\utilapiset.h(21,12): error C2334: unexpected token(s) preceding '{'; skipping apparent function body
C:\Program Files (x86)\Windows Kits\10\Include\10.0.18362.0\um\handleapi.h(21,8): error C2059: syntax error: 'string'
C:\Program Files (x86)\Windows Kits\10\Include\10.0.18362.0\um\handleapi.h(21,12): error C2334: unexpected token(s) preceding '{'; skipping apparent function body
C:\Program Files (x86)\Windows Kits\10\Include\10.0.18362.0\um\errhandlingapi.h(21,8): error C2059: syntax error: 'string'
C:\Program Files (x86)\Windows Kits\10\Include\10.0.18362.0\um\errhandlingapi.h(21,12): error C2334: unexpected token(s) preceding '{'; skipping apparent function body
C:\Program Files (x86)\Windows Kits\10\Include\10.0.18362.0\um\fibersapi.h(21,8): error C2059: syntax error: 'string'
C:\Program Files (x86)\Windows Kits\10\Include\10.0.18362.0\um\fibersapi.h(21,12): error C2334: unexpected token(s) preceding '{'; skipping apparent function body
C:\Program Files (x86)\Windows Kits\10\Include\10.0.18362.0\um\namedpipeapi.h(22,8): error C2059: syntax error: 'string'
C:\Program Files (x86)\Windows Kits\10\Include\10.0.18362.0\um\namedpipeapi.h(22,12): error C2334: unexpected token(s) preceding '{'; skipping apparent function body
C:\Program Files (x86)\Windows Kits\10\Include\10.0.18362.0\um\profileapi.h(21,8): error C2059: syntax error: 'string'
C:\Program Files (x86)\Windows Kits\10\Include\10.0.18362.0\um\profileapi.h(21,12): error C2334: unexpected token(s) preceding '{'; skipping apparent function body
C:\Program Files (x86)\Windows Kits\10\Include\10.0.18362.0\um\heapapi.h(28,8): error C2059: syntax error: 'string'
C:\Program Files (x86)\Windows Kits\10\Include\10.0.18362.0\um\heapapi.h(28,12): error C2334: unexpected token(s) preceding '{'; skipping apparent function body
C:\Program Files (x86)\Windows Kits\10\Include\10.0.18362.0\um\ioapiset.h(22,8): error C2059: syntax error: 'string'
C:\Program Files (x86)\Windows Kits\10\Include\10.0.18362.0\um\ioapiset.h(22,12): error C2334: unexpected token(s) preceding '{'; skipping apparent function body
C:\Program Files (x86)\Windows Kits\10\Include\10.0.18362.0\um\synchapi.h(22,8): error C2059: syntax error: 'string'
C:\Program Files (x86)\Windows Kits\10\Include\10.0.18362.0\um\synchapi.h(22,12): error C2334: unexpected token(s) preceding '{'; skipping apparent function body
C:\Program Files (x86)\Windows Kits\10\Include\10.0.18362.0\um\interlockedapi.h(23,8): error C2059: syntax error: 'string'
C:\Program Files (x86)\Windows Kits\10\Include\10.0.18362.0\um\interlockedapi.h(23,12): error C2334: unexpected token(s) preceding '{'; skipping apparent function body
C:\Program Files (x86)\Windows Kits\10\Include\10.0.18362.0\um\processthreadsapi.h(22,8): error C2059: syntax error: 'string'
C:\Program Files (x86)\Windows Kits\10\Include\10.0.18362.0\um\processthreadsapi.h(22,12): error C2334: unexpected token(s) preceding '{'; skipping apparent function body
C:\Program Files (x86)\Windows Kits\10\Include\10.0.18362.0\um\sysinfoapi.h(41,8): error C2059: syntax error: 'string'
C:\Program Files (x86)\Windows Kits\10\Include\10.0.18362.0\um\sysinfoapi.h(41,12): error C2334: unexpected token(s) preceding '{'; skipping apparent function body
C:\Program Files (x86)\Windows Kits\10\Include\10.0.18362.0\um\memoryapi.h(22,8): error C2059: syntax error: 'string'
C:\Program Files (x86)\Windows Kits\10\Include\10.0.18362.0\um\memoryapi.h(22,12): error C2334: unexpected token(s) preceding '{'; skipping apparent function body
C:\Program Files (x86)\Windows Kits\10\Include\10.0.18362.0\um\enclaveapi.h(22,8): error C2059: syntax error: 'string'
C:\Program Files (x86)\Windows Kits\10\Include\10.0.18362.0\um\enclaveapi.h(22,12): error C2334: unexpected token(s) preceding '{'; skipping apparent function body
C:\Program Files (x86)\Windows Kits\10\Include\10.0.18362.0\um\threadpoollegacyapiset.h(22,8): error C2059: syntax error: 'string'
C:\Program Files (x86)\Windows Kits\10\Include\10.0.18362.0\um\threadpoollegacyapiset.h(22,12): error C2334: unexpected token(s) preceding '{'; skipping apparent function body
C:\Program Files (x86)\Windows Kits\10\Include\10.0.18362.0\um\threadpoolapiset.h(22,8): error C2059: syntax error: 'string'
C:\Program Files (x86)\Windows Kits\10\Include\10.0.18362.0\um\threadpoolapiset.h(22,12): error C2334: unexpected token(s) preceding '{'; skipping apparent function body
C:\Program Files (x86)\Windows Kits\10\Include\10.0.18362.0\um\jobapi.h(22,8): error C2059: syntax error: 'string'
C:\Program Files (x86)\Windows Kits\10\Include\10.0.18362.0\um\jobapi.h(22,12): error C2334: unexpected token(s) preceding '{'; skipping apparent function body
C:\Program Files (x86)\Windows Kits\10\Include\10.0.18362.0\um\jobapi2.h(21,8): error C2059: syntax error: 'string'
C:\Program Files (x86)\Windows Kits\10\Include\10.0.18362.0\um\jobapi2.h(21,12): error C2334: unexpected token(s) preceding '{'; skipping apparent function body
C:\Program Files (x86)\Windows Kits\10\Include\10.0.18362.0\um\wow64apiset.h(22,8): error C2059: syntax error: 'string'
C:\Program Files (x86)\Windows Kits\10\Include\10.0.18362.0\um\wow64apiset.h(22,12): error C2334: unexpected token(s) preceding '{'; skipping apparent function body
C:\Program Files (x86)\Windows Kits\10\Include\10.0.18362.0\um\libloaderapi.h(22,8): error C2059: syntax error: 'string'
C:\Program Files (x86)\Windows Kits\10\Include\10.0.18362.0\um\libloaderapi.h(22,12): error C2334: unexpected token(s) preceding '{'; skipping apparent function body
C:\Program Files (x86)\Windows Kits\10\Include\10.0.18362.0\um\securitybaseapi.h(22,8): error C2059: syntax error: 'string'
C:\Program Files (x86)\Windows Kits\10\Include\10.0.18362.0\um\securitybaseapi.h(22,12): error C2334: unexpected token(s) preceding '{'; skipping apparent function body
C:\Program Files (x86)\Windows Kits\10\Include\10.0.18362.0\um\namespaceapi.h(22,8): error C2059: syntax error: 'string'
C:\Program Files (x86)\Windows Kits\10\Include\10.0.18362.0\um\namespaceapi.h(22,12): error C2334: unexpected token(s) preceding '{'; skipping apparent function body
C:\Program Files (x86)\Windows Kits\10\Include\10.0.18362.0\um\systemtopologyapi.h(22,8): error C2059: syntax error: 'string'
C:\Program Files (x86)\Windows Kits\10\Include\10.0.18362.0\um\systemtopologyapi.h(22,12): error C2334: unexpected token(s) preceding '{'; skipping apparent function body
C:\Program Files (x86)\Windows Kits\10\Include\10.0.18362.0\um\processtopologyapi.h(22,8): error C2059: syntax error: 'string'
C:\Program Files (x86)\Windows Kits\10\Include\10.0.18362.0\um\processtopologyapi.h(22,12): error C2334: unexpected token(s) preceding '{'; skipping apparent function body
C:\Program Files (x86)\Windows Kits\10\Include\10.0.18362.0\um\securityappcontainer.h(27,8): error C2059: syntax error: 'string'
C:\Program Files (x86)\Windows Kits\10\Include\10.0.18362.0\um\securityappcontainer.h(27,12): error C2334: unexpected token(s) preceding '{'; skipping apparent function body
C:\Program Files (x86)\Windows Kits\10\Include\10.0.18362.0\um\realtimeapiset.h(21,8): error C2059: syntax error: 'string'
C:\Program Files (x86)\Windows Kits\10\Include\10.0.18362.0\um\realtimeapiset.h(21,12): error C2334: unexpected token(s) preceding '{'; skipping apparent function body
C:\Program Files (x86)\Windows Kits\10\Include\10.0.18362.0\um\winbase.h(73,8): error C2059: syntax error: 'string'
C:\Program Files (x86)\Windows Kits\10\Include\10.0.18362.0\um\winbase.h(73,12): error C2334: unexpected token(s) preceding '{'; skipping apparent function body
C:\Program Files (x86)\Windows Kits\10\Include\10.0.18362.0\um\winbase.h(9309,8): error C2059: syntax error: 'string'
C:\Program Files (x86)\Windows Kits\10\Include\10.0.18362.0\um\winbase.h(9309,14): error C2334: unexpected token(s) preceding '{'; skipping apparent function body
C:\Program Files (x86)\Windows Kits\10\Include\10.0.18362.0\um\wingdi.h(52,8): error C2059: syntax error: 'string'
C:\Program Files (x86)\Windows Kits\10\Include\10.0.18362.0\um\wingdi.h(52,12): error C2334: unexpected token(s) preceding '{'; skipping apparent function body
C:\Program Files (x86)\Windows Kits\10\Include\10.0.18362.0\um\winuser.h(44,8): error C2059: syntax error: 'string'
C:\Program Files (x86)\Windows Kits\10\Include\10.0.18362.0\um\winuser.h(44,12): error C2334: unexpected token(s) preceding '{'; skipping apparent function body
C:\Program Files (x86)\Windows Kits\10\Include\10.0.18362.0\um\winnls.h(24,8): error C2059: syntax error: 'string'
C:\Program Files (x86)\Windows Kits\10\Include\10.0.18362.0\um\winnls.h(24,12): error C2334: unexpected token(s) preceding '{'; skipping apparent function body
C:\Program Files (x86)\Windows Kits\10\Include\10.0.18362.0\um\wincon.h(30,8): error C2059: syntax error: 'string'
C:\Program Files (x86)\Windows Kits\10\Include\10.0.18362.0\um\wincon.h(30,12): error C2334: unexpected token(s) preceding '{'; skipping apparent function body
C:\Program Files (x86)\Windows Kits\10\Include\10.0.18362.0\um\verrsrc.h(133,8): error C2059: syntax error: 'string'
C:\Program Files (x86)\Windows Kits\10\Include\10.0.18362.0\um\verrsrc.h(133,12): error C2334: unexpected token(s) preceding '{'; skipping apparent function body
C:\Program Files (x86)\Windows Kits\10\Include\10.0.18362.0\um\winver.h(23,8): error C2059: syntax error: 'string'
C:\Program Files (x86)\Windows Kits\10\Include\10.0.18362.0\um\winver.h(23,12): error C2334: unexpected token(s) preceding '{'; skipping apparent function body
C:\Program Files (x86)\Windows Kits\10\Include\10.0.18362.0\um\winreg.h(32,8): error C2059: syntax error: 'string'
C:\Program Files (x86)\Windows Kits\10\Include\10.0.18362.0\um\winreg.h(32,12): error C2334: unexpected token(s) preceding '{'; skipping apparent function body
C:\Program Files (x86)\Windows Kits\10\Include\10.0.18362.0\um\winnetwk.h(33,8): error C2059: syntax error: 'string'
C:\Program Files (x86)\Windows Kits\10\Include\10.0.18362.0\um\winnetwk.h(33,12): error C2334: unexpected token(s) preceding '{'; skipping apparent function body
C:\Program Files (x86)\Windows Kits\10\Include\10.0.18362.0\um\dde.h(27,8): error C2059: syntax error: 'string'
C:\Program Files (x86)\Windows Kits\10\Include\10.0.18362.0\um\dde.h(27,8): fatal error C1003: error count exceeds 100; stopping compilation
  main.cpp
C:\Program Files (x86)\Microsoft Visual Studio\2019\Community\VC\Tools\MSVC\14.28.29910\include\excpt.h(17,1): error C2059: syntax error: 'string'
C:\Program Files (x86)\Microsoft Visual Studio\2019\Community\VC\Tools\MSVC\14.28.29910\include\excpt.h(17,1): error C2334: unexpected token(s) preceding '{'; skipping apparent function body
C:\Program Files (x86)\Microsoft Visual Studio\2019\Community\VC\Tools\MSVC\14.28.29910\include\stdarg.h(16,1): error C2059: syntax error: 'string'
C:\Program Files (x86)\Microsoft Visual Studio\2019\Community\VC\Tools\MSVC\14.28.29910\include\stdarg.h(16,1): error C2334: unexpected token(s) preceding '{'; skipping apparent function body
C:\Program Files (x86)\Windows Kits\10\Include\10.0.18362.0\shared\windef.h(17,8): error C2059: syntax error: 'string'
C:\Program Files (x86)\Windows Kits\10\Include\10.0.18362.0\shared\windef.h(17,12): error C2334: unexpected token(s) preceding '{'; skipping apparent function body
C:\Program Files (x86)\Windows Kits\10\Include\10.0.18362.0\um\winnt.h(6429,9): warning C4164: '__int2c': intrinsic function not declared
C:\Program Files (x86)\Windows Kits\10\Include\10.0.18362.0\um\winnt.h(6640,9): warning C4164: '_bittestandcomplement': intrinsic function not declared
C:\Program Files (x86)\Windows Kits\10\Include\10.0.18362.0\um\winnt.h(6641,9): warning C4164: '_bittestandset': intrinsic function not declared
C:\Program Files (x86)\Windows Kits\10\Include\10.0.18362.0\um\winnt.h(6642,9): warning C4164: '_bittestandreset': intrinsic function not declared
C:\Program Files (x86)\Windows Kits\10\Include\10.0.18362.0\um\winnt.h(6644,9): warning C4164: '_interlockedbittestandreset': intrinsic function not declared
C:\Program Files (x86)\Windows Kits\10\Include\10.0.18362.0\um\winnt.h(7295,9): warning C4164: '__incfsbyte': intrinsic function not declared
C:\Program Files (x86)\Windows Kits\10\Include\10.0.18362.0\um\winnt.h(7296,9): warning C4164: '__addfsbyte': intrinsic function not declared
C:\Program Files (x86)\Windows Kits\10\Include\10.0.18362.0\um\winnt.h(7297,9): warning C4164: '__incfsword': intrinsic function not declared
C:\Program Files (x86)\Windows Kits\10\Include\10.0.18362.0\um\winnt.h(7298,9): warning C4164: '__addfsword': intrinsic function not declared
C:\Program Files (x86)\Windows Kits\10\Include\10.0.18362.0\um\winnt.h(7299,9): warning C4164: '__incfsdword': intrinsic function not declared
C:\Program Files (x86)\Windows Kits\10\Include\10.0.18362.0\um\winnt.h(7300,9): warning C4164: '__addfsdword': intrinsic function not declared
C:\Program Files (x86)\Windows Kits\10\Include\10.0.18362.0\um\winnt.h(7323,9): warning C4164: '__cpuidex': intrinsic function not declared
C:\Program Files (x86)\Windows Kits\10\Include\10.0.18362.0\um\winnt.h(7366,9): warning C4164: '__readfsbyte': intrinsic function not declared
C:\Program Files (x86)\Windows Kits\10\Include\10.0.18362.0\um\winnt.h(7367,9): warning C4164: '__readfsword': intrinsic function not declared
C:\Program Files (x86)\Windows Kits\10\Include\10.0.18362.0\um\winnt.h(7368,9): warning C4164: '__readfsdword': intrinsic function not declared
C:\Program Files (x86)\Windows Kits\10\Include\10.0.18362.0\um\winnt.h(7369,9): warning C4164: '__writefsbyte': intrinsic function not declared
C:\Program Files (x86)\Windows Kits\10\Include\10.0.18362.0\um\winnt.h(7370,9): warning C4164: '__writefsword': intrinsic function not declared
C:\Program Files (x86)\Windows Kits\10\Include\10.0.18362.0\um\winnt.h(7371,9): warning C4164: '__writefsdword': intrinsic function not declared
C:\Program Files (x86)\Windows Kits\10\Include\10.0.18362.0\um\winnt.h(7382,9): warning C4164: '_mm_pause': intrinsic function not declared
C:\Program Files (x86)\Windows Kits\10\Include\10.0.18362.0\um\winnt.h(7438,9): warning C4164: '_mm_prefetch': intrinsic function not declared
C:\Program Files (x86)\Windows Kits\10\Include\10.0.18362.0\um\winnt.h(7466,9): warning C4164: '__readpmc': intrinsic function not declared
C:\Program Files (x86)\Windows Kits\10\Include\10.0.18362.0\um\winnt.h(7479,9): warning C4164: '__rdtsc': intrinsic function not declared
C:\Program Files (x86)\Windows Kits\10\Include\10.0.18362.0\um\winnt.h(19916,9): warning C4164: '__fastfail': intrinsic function not declared
C:\Program Files (x86)\Windows Kits\10\Include\10.0.18362.0\um\minwinbase.h(30,8): error C2059: syntax error: 'string'
C:\Program Files (x86)\Windows Kits\10\Include\10.0.18362.0\um\minwinbase.h(30,12): error C2334: unexpected token(s) preceding '{'; skipping apparent function body
C:\Program Files (x86)\Windows Kits\10\Include\10.0.18362.0\um\apiquery2.h(28,8): error C2059: syntax error: 'string'
C:\Program Files (x86)\Windows Kits\10\Include\10.0.18362.0\um\apiquery2.h(28,12): error C2334: unexpected token(s) preceding '{'; skipping apparent function body
C:\Program Files (x86)\Windows Kits\10\Include\10.0.18362.0\um\processenv.h(23,8): error C2059: syntax error: 'string'
C:\Program Files (x86)\Windows Kits\10\Include\10.0.18362.0\um\processenv.h(23,12): error C2334: unexpected token(s) preceding '{'; skipping apparent function body
C:\Program Files (x86)\Windows Kits\10\Include\10.0.18362.0\um\fileapi.h(22,8): error C2059: syntax error: 'string'
C:\Program Files (x86)\Windows Kits\10\Include\10.0.18362.0\um\fileapi.h(22,12): error C2334: unexpected token(s) preceding '{'; skipping apparent function body
C:\Program Files (x86)\Windows Kits\10\Include\10.0.18362.0\um\fileapifromapp.h(23,8): error C2059: syntax error: 'string'
C:\Program Files (x86)\Windows Kits\10\Include\10.0.18362.0\um\fileapifromapp.h(23,12): error C2334: unexpected token(s) preceding '{'; skipping apparent function body
C:\Program Files (x86)\Windows Kits\10\Include\10.0.18362.0\um\debugapi.h(22,8): error C2059: syntax error: 'string'
C:\Program Files (x86)\Windows Kits\10\Include\10.0.18362.0\um\debugapi.h(22,12): error C2334: unexpected token(s) preceding '{'; skipping apparent function body
C:\Program Files (x86)\Windows Kits\10\Include\10.0.18362.0\um\utilapiset.h(21,8): error C2059: syntax error: 'string'
C:\Program Files (x86)\Windows Kits\10\Include\10.0.18362.0\um\utilapiset.h(21,12): error C2334: unexpected token(s) preceding '{'; skipping apparent function body
C:\Program Files (x86)\Windows Kits\10\Include\10.0.18362.0\um\handleapi.h(21,8): error C2059: syntax error: 'string'
C:\Program Files (x86)\Windows Kits\10\Include\10.0.18362.0\um\handleapi.h(21,12): error C2334: unexpected token(s) preceding '{'; skipping apparent function body
C:\Program Files (x86)\Windows Kits\10\Include\10.0.18362.0\um\errhandlingapi.h(21,8): error C2059: syntax error: 'string'
C:\Program Files (x86)\Windows Kits\10\Include\10.0.18362.0\um\errhandlingapi.h(21,12): error C2334: unexpected token(s) preceding '{'; skipping apparent function body
C:\Program Files (x86)\Windows Kits\10\Include\10.0.18362.0\um\fibersapi.h(21,8): error C2059: syntax error: 'string'
C:\Program Files (x86)\Windows Kits\10\Include\10.0.18362.0\um\fibersapi.h(21,12): error C2334: unexpected token(s) preceding '{'; skipping apparent function body
C:\Program Files (x86)\Windows Kits\10\Include\10.0.18362.0\um\namedpipeapi.h(22,8): error C2059: syntax error: 'string'
C:\Program Files (x86)\Windows Kits\10\Include\10.0.18362.0\um\namedpipeapi.h(22,12): error C2334: unexpected token(s) preceding '{'; skipping apparent function body
C:\Program Files (x86)\Windows Kits\10\Include\10.0.18362.0\um\profileapi.h(21,8): error C2059: syntax error: 'string'
C:\Program Files (x86)\Windows Kits\10\Include\10.0.18362.0\um\profileapi.h(21,12): error C2334: unexpected token(s) preceding '{'; skipping apparent function body
C:\Program Files (x86)\Windows Kits\10\Include\10.0.18362.0\um\heapapi.h(28,8): error C2059: syntax error: 'string'
C:\Program Files (x86)\Windows Kits\10\Include\10.0.18362.0\um\heapapi.h(28,12): error C2334: unexpected token(s) preceding '{'; skipping apparent function body
C:\Program Files (x86)\Windows Kits\10\Include\10.0.18362.0\um\ioapiset.h(22,8): error C2059: syntax error: 'string'
C:\Program Files (x86)\Windows Kits\10\Include\10.0.18362.0\um\ioapiset.h(22,12): error C2334: unexpected token(s) preceding '{'; skipping apparent function body
C:\Program Files (x86)\Windows Kits\10\Include\10.0.18362.0\um\synchapi.h(22,8): error C2059: syntax error: 'string'
C:\Program Files (x86)\Windows Kits\10\Include\10.0.18362.0\um\synchapi.h(22,12): error C2334: unexpected token(s) preceding '{'; skipping apparent function body
C:\Program Files (x86)\Windows Kits\10\Include\10.0.18362.0\um\interlockedapi.h(23,8): error C2059: syntax error: 'string'
C:\Program Files (x86)\Windows Kits\10\Include\10.0.18362.0\um\interlockedapi.h(23,12): error C2334: unexpected token(s) preceding '{'; skipping apparent function body
C:\Program Files (x86)\Windows Kits\10\Include\10.0.18362.0\um\processthreadsapi.h(22,8): error C2059: syntax error: 'string'
C:\Program Files (x86)\Windows Kits\10\Include\10.0.18362.0\um\processthreadsapi.h(22,12): error C2334: unexpected token(s) preceding '{'; skipping apparent function body
C:\Program Files (x86)\Windows Kits\10\Include\10.0.18362.0\um\sysinfoapi.h(41,8): error C2059: syntax error: 'string'
C:\Program Files (x86)\Windows Kits\10\Include\10.0.18362.0\um\sysinfoapi.h(41,12): error C2334: unexpected token(s) preceding '{'; skipping apparent function body
C:\Program Files (x86)\Windows Kits\10\Include\10.0.18362.0\um\memoryapi.h(22,8): error C2059: syntax error: 'string'
C:\Program Files (x86)\Windows Kits\10\Include\10.0.18362.0\um\memoryapi.h(22,12): error C2334: unexpected token(s) preceding '{'; skipping apparent function body
C:\Program Files (x86)\Windows Kits\10\Include\10.0.18362.0\um\enclaveapi.h(22,8): error C2059: syntax error: 'string'
C:\Program Files (x86)\Windows Kits\10\Include\10.0.18362.0\um\enclaveapi.h(22,12): error C2334: unexpected token(s) preceding '{'; skipping apparent function body
C:\Program Files (x86)\Windows Kits\10\Include\10.0.18362.0\um\threadpoollegacyapiset.h(22,8): error C2059: syntax error: 'string'
C:\Program Files (x86)\Windows Kits\10\Include\10.0.18362.0\um\threadpoollegacyapiset.h(22,12): error C2334: unexpected token(s) preceding '{'; skipping apparent function body
C:\Program Files (x86)\Windows Kits\10\Include\10.0.18362.0\um\threadpoolapiset.h(22,8): error C2059: syntax error: 'string'
C:\Program Files (x86)\Windows Kits\10\Include\10.0.18362.0\um\threadpoolapiset.h(22,12): error C2334: unexpected token(s) preceding '{'; skipping apparent function body
C:\Program Files (x86)\Windows Kits\10\Include\10.0.18362.0\um\jobapi.h(22,8): error C2059: syntax error: 'string'
C:\Program Files (x86)\Windows Kits\10\Include\10.0.18362.0\um\jobapi.h(22,12): error C2334: unexpected token(s) preceding '{'; skipping apparent function body
C:\Program Files (x86)\Windows Kits\10\Include\10.0.18362.0\um\jobapi2.h(21,8): error C2059: syntax error: 'string'
C:\Program Files (x86)\Windows Kits\10\Include\10.0.18362.0\um\jobapi2.h(21,12): error C2334: unexpected token(s) preceding '{'; skipping apparent function body
C:\Program Files (x86)\Windows Kits\10\Include\10.0.18362.0\um\wow64apiset.h(22,8): error C2059: syntax error: 'string'
C:\Program Files (x86)\Windows Kits\10\Include\10.0.18362.0\um\wow64apiset.h(22,12): error C2334: unexpected token(s) preceding '{'; skipping apparent function body
C:\Program Files (x86)\Windows Kits\10\Include\10.0.18362.0\um\libloaderapi.h(22,8): error C2059: syntax error: 'string'
C:\Program Files (x86)\Windows Kits\10\Include\10.0.18362.0\um\libloaderapi.h(22,12): error C2334: unexpected token(s) preceding '{'; skipping apparent function body
C:\Program Files (x86)\Windows Kits\10\Include\10.0.18362.0\um\securitybaseapi.h(22,8): error C2059: syntax error: 'string'
C:\Program Files (x86)\Windows Kits\10\Include\10.0.18362.0\um\securitybaseapi.h(22,12): error C2334: unexpected token(s) preceding '{'; skipping apparent function body
C:\Program Files (x86)\Windows Kits\10\Include\10.0.18362.0\um\namespaceapi.h(22,8): error C2059: syntax error: 'string'
C:\Program Files (x86)\Windows Kits\10\Include\10.0.18362.0\um\namespaceapi.h(22,12): error C2334: unexpected token(s) preceding '{'; skipping apparent function body
C:\Program Files (x86)\Windows Kits\10\Include\10.0.18362.0\um\systemtopologyapi.h(22,8): error C2059: syntax error: 'string'
C:\Program Files (x86)\Windows Kits\10\Include\10.0.18362.0\um\systemtopologyapi.h(22,12): error C2334: unexpected token(s) preceding '{'; skipping apparent function body
C:\Program Files (x86)\Windows Kits\10\Include\10.0.18362.0\um\processtopologyapi.h(22,8): error C2059: syntax error: 'string'
C:\Program Files (x86)\Windows Kits\10\Include\10.0.18362.0\um\processtopologyapi.h(22,12): error C2334: unexpected token(s) preceding '{'; skipping apparent function body
C:\Program Files (x86)\Windows Kits\10\Include\10.0.18362.0\um\securityappcontainer.h(27,8): error C2059: syntax error: 'string'
C:\Program Files (x86)\Windows Kits\10\Include\10.0.18362.0\um\securityappcontainer.h(27,12): error C2334: unexpected token(s) preceding '{'; skipping apparent function body
C:\Program Files (x86)\Windows Kits\10\Include\10.0.18362.0\um\realtimeapiset.h(21,8): error C2059: syntax error: 'string'
C:\Program Files (x86)\Windows Kits\10\Include\10.0.18362.0\um\realtimeapiset.h(21,12): error C2334: unexpected token(s) preceding '{'; skipping apparent function body
C:\Program Files (x86)\Windows Kits\10\Include\10.0.18362.0\um\winbase.h(73,8): error C2059: syntax error: 'string'
C:\Program Files (x86)\Windows Kits\10\Include\10.0.18362.0\um\winbase.h(73,12): error C2334: unexpected token(s) preceding '{'; skipping apparent function body
C:\Program Files (x86)\Windows Kits\10\Include\10.0.18362.0\um\winbase.h(9309,8): error C2059: syntax error: 'string'
C:\Program Files (x86)\Windows Kits\10\Include\10.0.18362.0\um\winbase.h(9309,14): error C2334: unexpected token(s) preceding '{'; skipping apparent function body
C:\Program Files (x86)\Windows Kits\10\Include\10.0.18362.0\um\wingdi.h(52,8): error C2059: syntax error: 'string'
C:\Program Files (x86)\Windows Kits\10\Include\10.0.18362.0\um\wingdi.h(52,12): error C2334: unexpected token(s) preceding '{'; skipping apparent function body
C:\Program Files (x86)\Windows Kits\10\Include\10.0.18362.0\um\winuser.h(44,8): error C2059: syntax error: 'string'
C:\Program Files (x86)\Windows Kits\10\Include\10.0.18362.0\um\winuser.h(44,12): error C2334: unexpected token(s) preceding '{'; skipping apparent function body
C:\Program Files (x86)\Windows Kits\10\Include\10.0.18362.0\um\winnls.h(24,8): error C2059: syntax error: 'string'
C:\Program Files (x86)\Windows Kits\10\Include\10.0.18362.0\um\winnls.h(24,12): error C2334: unexpected token(s) preceding '{'; skipping apparent function body
C:\Program Files (x86)\Windows Kits\10\Include\10.0.18362.0\um\wincon.h(30,8): error C2059: syntax error: 'string'
C:\Program Files (x86)\Windows Kits\10\Include\10.0.18362.0\um\wincon.h(30,12): error C2334: unexpected token(s) preceding '{'; skipping apparent function body
C:\Program Files (x86)\Windows Kits\10\Include\10.0.18362.0\um\verrsrc.h(133,8): error C2059: syntax error: 'string'
C:\Program Files (x86)\Windows Kits\10\Include\10.0.18362.0\um\verrsrc.h(133,12): error C2334: unexpected token(s) preceding '{'; skipping apparent function body
C:\Program Files (x86)\Windows Kits\10\Include\10.0.18362.0\um\winver.h(23,8): error C2059: syntax error: 'string'
C:\Program Files (x86)\Windows Kits\10\Include\10.0.18362.0\um\winver.h(23,12): error C2334: unexpected token(s) preceding '{'; skipping apparent function body
C:\Program Files (x86)\Windows Kits\10\Include\10.0.18362.0\um\winreg.h(32,8): error C2059: syntax error: 'string'
C:\Program Files (x86)\Windows Kits\10\Include\10.0.18362.0\um\winreg.h(32,12): error C2334: unexpected token(s) preceding '{'; skipping apparent function body
C:\Program Files (x86)\Windows Kits\10\Include\10.0.18362.0\um\winnetwk.h(33,8): error C2059: syntax error: 'string'
C:\Program Files (x86)\Windows Kits\10\Include\10.0.18362.0\um\winnetwk.h(33,12): error C2334: unexpected token(s) preceding '{'; skipping apparent function body
C:\Program Files (x86)\Windows Kits\10\Include\10.0.18362.0\um\dde.h(27,8): error C2059: syntax error: 'string'
C:\Program Files (x86)\Windows Kits\10\Include\10.0.18362.0\um\dde.h(27,12): error C2334: unexpected token(s) preceding '{'; skipping apparent function body
C:\Program Files (x86)\Windows Kits\10\Include\10.0.18362.0\um\ddeml.h(26,8): error C2059: syntax error: 'string'
C:\Program Files (x86)\Windows Kits\10\Include\10.0.18362.0\um\ddeml.h(26,12): error C2334: unexpected token(s) preceding '{'; skipping apparent function body
C:\Program Files (x86)\Windows Kits\10\Include\10.0.18362.0\um\dlgs.h(266,13): error C3646: 'bRed': unknown override specifier
C:\Program Files (x86)\Windows Kits\10\Include\10.0.18362.0\um\dlgs.h(266,17): error C4430: missing type specifier - int assumed. Note: C++ does not support default-int
C:\Program Files (x86)\Windows Kits\10\Include\10.0.18362.0\um\dlgs.h(267,13): error C3646: 'bGreen': unknown override specifier
C:\Program Files (x86)\Windows Kits\10\Include\10.0.18362.0\um\dlgs.h(267,19): error C4430: missing type specifier - int assumed. Note: C++ does not support default-int
C:\Program Files (x86)\Windows Kits\10\Include\10.0.18362.0\um\dlgs.h(268,13): error C3646: 'bBlue': unknown override specifier
C:\Program Files (x86)\Windows Kits\10\Include\10.0.18362.0\um\dlgs.h(268,18): error C4430: missing type specifier - int assumed. Note: C++ does not support default-int
C:\Program Files (x86)\Windows Kits\10\Include\10.0.18362.0\um\dlgs.h(269,13): error C3646: 'bExtra': unknown override specifier
C:\Program Files (x86)\Windows Kits\10\Include\10.0.18362.0\um\dlgs.h(269,19): error C4430: missing type specifier - int assumed. Note: C++ does not support default-int
C:\Program Files (x86)\Windows Kits\10\Include\10.0.18362.0\um\lzexpand.h(26,8): error C2059: syntax error: 'string'
C:\Program Files (x86)\Windows Kits\10\Include\10.0.18362.0\um\lzexpand.h(26,12): error C2334: unexpected token(s) preceding '{'; skipping apparent function body
C:\Program Files (x86)\Windows Kits\10\Include\10.0.18362.0\um\mmsyscom.h(29,8): error C2059: syntax error: 'string'
C:\Program Files (x86)\Windows Kits\10\Include\10.0.18362.0\um\mmsyscom.h(29,8): fatal error C1003: error count exceeds 100; stopping compilation
  Generating Code...
